# JRE version: OpenJDK Runtime Environment (21.0.8) (build 21.0.8+-14196175-b1038.72)
# Java VM: OpenJDK 64-Bit Server VM (21.0.8+-14196175-b1038.72, mixed mode, tiered, compressed oops, compressed class ptrs, g1 gc, windows-amd64)
GC Precious Log:
 CardTable entry size: 512
 Card Set container configuration: InlinePtr #cards 4 size 8 Array Of Cards #cards 16 size 48 Howl #buckets 8 coarsen threshold 3686 Howl Bitmap #cards 512 size 80 coarsen threshold 460 Card regions per heap region 1 cards per card region 4096
 CPUs: 8 total, 8 available
 Memory: 16257M
 Large Page Support: Disabled
 NUMA Support: Disabled
 Compressed Oops: Enabled (Zero based)
 Heap Region Size: 2M
 Heap Min Capacity: 8M
 Heap Initial Capacity: 256M
 Heap Max Capacity: 4G
 Pre-touch: Disabled
 Parallel Workers: 8
 Concurrent Workers: 2
 Concurrent Refinement Workers: 8
 Periodic GC: Disabled
Heap:
 garbage-first heap   total 481280K, used 340406K [0x0000000700000000, 0x0000000800000000)
  region size 2048K, 35 young (71680K), 11 survivors (22528K)
 Metaspace       used 134109K, committed 136896K, reserved 1179648K
  class space    used 19027K, committed 20288K, reserved 1048576K
GC Heap History (20 events):
Event: 43.047 GC heap before
{Heap before GC invocations=70 (full 0):
 garbage-first heap   total 327680K, used 291979K [0x0000000700000000, 0x0000000800000000)
  region size 2048K, 48 young (98304K), 7 survivors (14336K)
 Metaspace       used 122582K, committed 125120K, reserved 1179648K
  class space    used 17533K, committed 18688K, reserved 1048576K
}
Event: 43.061 GC heap after
{Heap after GC invocations=71 (full 0):
 garbage-first heap   total 327680K, used 212354K [0x0000000700000000, 0x0000000800000000)
  region size 2048K, 3 young (6144K), 3 survivors (6144K)
 Metaspace       used 122582K, committed 125120K, reserved 1179648K
  class space    used 17533K, committed 18688K, reserved 1048576K
}
Event: 43.867 GC heap before
{Heap before GC invocations=71 (full 0):
 garbage-first heap   total 327680K, used 294274K [0x0000000700000000, 0x0000000800000000)
  region size 2048K, 44 young (90112K), 3 survivors (6144K)
 Metaspace       used 122858K, committed 125440K, reserved 1179648K
  class space    used 17567K, committed 18752K, reserved 1048576K
}
Event: 43.877 GC heap after
{Heap after GC invocations=72 (full 0):
 garbage-first heap   total 393216K, used 218726K [0x0000000700000000, 0x0000000800000000)
  region size 2048K, 6 young (12288K), 6 survivors (12288K)
 Metaspace       used 122858K, committed 125440K, reserved 1179648K
  class space    used 17567K, committed 18752K, reserved 1048576K
}
Event: 45.090 GC heap before
{Heap before GC invocations=73 (full 0):
 garbage-first heap   total 393216K, used 355942K [0x0000000700000000, 0x0000000800000000)
  region size 2048K, 73 young (149504K), 6 survivors (12288K)
 Metaspace       used 123251K, committed 125888K, reserved 1179648K
  class space    used 17608K, committed 18816K, reserved 1048576K
}
Event: 45.105 GC heap after
{Heap after GC invocations=74 (full 0):
 garbage-first heap   total 393216K, used 230618K [0x0000000700000000, 0x0000000800000000)
  region size 2048K, 10 young (20480K), 10 survivors (20480K)
 Metaspace       used 123251K, committed 125888K, reserved 1179648K
  class space    used 17608K, committed 18816K, reserved 1048576K
}
Event: 46.084 GC heap before
{Heap before GC invocations=74 (full 0):
 garbage-first heap   total 393216K, used 345306K [0x0000000700000000, 0x0000000800000000)
  region size 2048K, 67 young (137216K), 10 survivors (20480K)
 Metaspace       used 123256K, committed 125888K, reserved 1179648K
  class space    used 17609K, committed 18816K, reserved 1048576K
}
Event: 46.105 GC heap after
{Heap after GC invocations=75 (full 0):
 garbage-first heap   total 393216K, used 231723K [0x0000000700000000, 0x0000000800000000)
  region size 2048K, 4 young (8192K), 4 survivors (8192K)
 Metaspace       used 123256K, committed 125888K, reserved 1179648K
  class space    used 17609K, committed 18816K, reserved 1048576K
}
Event: 46.742 GC heap before
{Heap before GC invocations=75 (full 0):
 garbage-first heap   total 393216K, used 358699K [0x0000000700000000, 0x0000000800000000)
  region size 2048K, 67 young (137216K), 4 survivors (8192K)
 Metaspace       used 123479K, committed 126144K, reserved 1179648K
  class space    used 17632K, committed 18816K, reserved 1048576K
}
Event: 46.752 GC heap after
{Heap after GC invocations=76 (full 0):
 garbage-first heap   total 393216K, used 236369K [0x0000000700000000, 0x0000000800000000)
  region size 2048K, 6 young (12288K), 6 survivors (12288K)
 Metaspace       used 123479K, committed 126144K, reserved 1179648K
  class space    used 17632K, committed 18816K, reserved 1048576K
}
Event: 48.257 GC heap before
{Heap before GC invocations=77 (full 0):
 garbage-first heap   total 397312K, used 355153K [0x0000000700000000, 0x0000000800000000)
  region size 2048K, 65 young (133120K), 6 survivors (12288K)
 Metaspace       used 123863K, committed 126528K, reserved 1179648K
  class space    used 17680K, committed 18880K, reserved 1048576K
}
Event: 48.277 GC heap after
{Heap after GC invocations=78 (full 0):
 garbage-first heap   total 397312K, used 246605K [0x0000000700000000, 0x0000000800000000)
  region size 2048K, 9 young (18432K), 9 survivors (18432K)
 Metaspace       used 123863K, committed 126528K, reserved 1179648K
  class space    used 17680K, committed 18880K, reserved 1048576K
}
Event: 49.056 GC heap before
{Heap before GC invocations=78 (full 0):
 garbage-first heap   total 397312K, used 353101K [0x0000000700000000, 0x0000000800000000)
  region size 2048K, 62 young (126976K), 9 survivors (18432K)
 Metaspace       used 124057K, committed 126784K, reserved 1179648K
  class space    used 17699K, committed 18944K, reserved 1048576K
}
Event: 49.085 GC heap after
{Heap after GC invocations=79 (full 0):
 garbage-first heap   total 397312K, used 251813K [0x0000000700000000, 0x0000000800000000)
  region size 2048K, 5 young (10240K), 5 survivors (10240K)
 Metaspace       used 124057K, committed 126784K, reserved 1179648K
  class space    used 17699K, committed 18944K, reserved 1048576K
}
Event: 50.209 GC heap before
{Heap before GC invocations=79 (full 0):
 garbage-first heap   total 397312K, used 360357K [0x0000000700000000, 0x0000000800000000)
  region size 2048K, 59 young (120832K), 5 survivors (10240K)
 Metaspace       used 124384K, committed 127104K, reserved 1179648K
  class space    used 17737K, committed 18944K, reserved 1048576K
}
Event: 50.225 GC heap after
{Heap after GC invocations=80 (full 0):
 garbage-first heap   total 477184K, used 259518K [0x0000000700000000, 0x0000000800000000)
  region size 2048K, 8 young (16384K), 8 survivors (16384K)
 Metaspace       used 124384K, committed 127104K, reserved 1179648K
  class space    used 17737K, committed 18944K, reserved 1048576K
}
Event: 52.199 GC heap before
{Heap before GC invocations=81 (full 0):
 garbage-first heap   total 477184K, used 431550K [0x0000000700000000, 0x0000000800000000)
  region size 2048K, 93 young (190464K), 8 survivors (16384K)
 Metaspace       used 126184K, committed 128896K, reserved 1179648K
  class space    used 18002K, committed 19200K, reserved 1048576K
}
Event: 52.221 GC heap after
{Heap after GC invocations=82 (full 0):
 garbage-first heap   total 477184K, used 270910K [0x0000000700000000, 0x0000000800000000)
  region size 2048K, 11 young (22528K), 11 survivors (22528K)
 Metaspace       used 126184K, committed 128896K, reserved 1179648K
  class space    used 18002K, committed 19200K, reserved 1048576K
}
Event: 56.821 GC heap before
{Heap before GC invocations=82 (full 0):
 garbage-first heap   total 477184K, used 426558K [0x0000000700000000, 0x0000000800000000)
  region size 2048K, 87 young (178176K), 11 survivors (22528K)
 Metaspace       used 133171K, committed 136000K, reserved 1179648K
  class space    used 18908K, committed 20160K, reserved 1048576K
}
Event: 56.885 GC heap after
{Heap after GC invocations=83 (full 0):
 garbage-first heap   total 481280K, used 293302K [0x0000000700000000, 0x0000000800000000)
  region size 2048K, 11 young (22528K), 11 survivors (22528K)
 Metaspace       used 133171K, committed 136000K, reserved 1179648K
  class space    used 18908K, committed 20160K, reserved 1048576K
}

